<?xml version="1.0" encoding="UTF-8"?>
<testng-results skipped="0" failed="0" total="2" passed="2">
  <reporter-output>
  </reporter-output>
  <suite name="Default suite" duration-ms="96296" started-at="2017-07-13T13:18:38Z" finished-at="2017-07-13T13:20:15Z">
    <groups>
    </groups>
    <test name="Default test" duration-ms="96296" started-at="2017-07-13T13:18:38Z" finished-at="2017-07-13T13:20:15Z">
      <class name="POM.IrctcUserHomePage">
        <test-method status="PASS" signature="beforeTest()[pri:0, instance:POM.IrctcUserHomePage@27efef64]" name="beforeTest" is-config="true" duration-ms="9861" started-at="2017-07-13T18:48:38Z" finished-at="2017-07-13T18:48:48Z">
          <reporter-output>
          </reporter-output>
        </test-method> <!-- beforeTest -->
        <test-method status="PASS" signature="f()[pri:0, instance:POM.IrctcUserHomePage@27efef64]" name="f" duration-ms="28430" started-at="2017-07-13T18:48:48Z" finished-at="2017-07-13T18:49:17Z">
          <reporter-output>
          </reporter-output>
        </test-method> <!-- f -->
        <test-method status="PASS" signature="ff()[pri:0, instance:POM.IrctcUserHomePage@27efef64]" name="ff" duration-ms="57625" started-at="2017-07-13T18:49:17Z" finished-at="2017-07-13T18:50:14Z">
          <reporter-output>
          </reporter-output>
        </test-method> <!-- ff -->
        <test-method status="PASS" signature="afterTest()[pri:0, instance:POM.IrctcUserHomePage@27efef64]" name="afterTest" is-config="true" duration-ms="350" started-at="2017-07-13T18:50:14Z" finished-at="2017-07-13T18:50:15Z">
          <reporter-output>
          </reporter-output>
        </test-method> <!-- afterTest -->
      </class> <!-- POM.IrctcUserHomePage -->
    </test> <!-- Default test -->
  </suite> <!-- Default suite -->
</testng-results>
